<?xml version="1.0" encoding="UTF-8"?>
<!-- Generated by org.testng.reporters.JUnitReportReporter -->
<testsuite hostname="PRC-20170801ZCL" name="githubTest.githubTest01.githubDemoPush" tests="1" failures="0" timestamp="23 May 2019 02:19:32 GMT" time="0.003" errors="0">
  <testcase name="f" time="0.003" classname="githubTest.githubTest01.githubDemoPush"/>
</testsuite> <!-- githubTest.githubTest01.githubDemoPush -->
